0 info it worked if it ends with ok
1 verbose cli [ '/usr/local/bin/node',
1 verbose cli   '/usr/local/bin/npm',
1 verbose cli   'run',
1 verbose cli   'report-coverage' ]
2 info using npm@3.10.5
3 info using node@v4.2.3
4 verbose run-script [ 'prereport-coverage',
4 verbose run-script   'report-coverage',
4 verbose run-script   'postreport-coverage' ]
5 info lifecycle revamp@0.0.0-semantically-released~prereport-coverage: revamp@0.0.0-semantically-released
6 silly lifecycle revamp@0.0.0-semantically-released~prereport-coverage: no script for prereport-coverage, continuing
7 info lifecycle revamp@0.0.0-semantically-released~report-coverage: revamp@0.0.0-semantically-released
8 verbose lifecycle revamp@0.0.0-semantically-released~report-coverage: unsafe-perm in lifecycle true
9 verbose lifecycle revamp@0.0.0-semantically-released~report-coverage: PATH: /usr/local/lib/node_modules/npm/bin/node-gyp-bin:/Users/dv/ws/distalx/revamp/node_modules/.bin:/usr/local/bin:/Applications/XAMPP/xamppfiles/bin:/Users/dv/google-cloud-sdk/bin:/usr/local/bin:/usr/bin:/bin:/usr/sbin:/sbin:/opt/X11/bin:/usr/local/go/bin
10 verbose lifecycle revamp@0.0.0-semantically-released~report-coverage: CWD: /Users/dv/ws/distalx/revamp
11 silly lifecycle revamp@0.0.0-semantically-released~report-coverage: Args: [ '-c', 'cat ./coverage/lcov.info | codecov' ]
12 silly lifecycle revamp@0.0.0-semantically-released~report-coverage: Returned: code: 1  signal: null
13 info lifecycle revamp@0.0.0-semantically-released~report-coverage: Failed to exec report-coverage script
14 verbose stack Error: revamp@0.0.0-semantically-released report-coverage: `cat ./coverage/lcov.info | codecov`
14 verbose stack Exit status 1
14 verbose stack     at EventEmitter.<anonymous> (/usr/local/lib/node_modules/npm/lib/utils/lifecycle.js:242:16)
14 verbose stack     at emitTwo (events.js:87:13)
14 verbose stack     at EventEmitter.emit (events.js:172:7)
14 verbose stack     at ChildProcess.<anonymous> (/usr/local/lib/node_modules/npm/lib/utils/spawn.js:40:14)
14 verbose stack     at emitTwo (events.js:87:13)
14 verbose stack     at ChildProcess.emit (events.js:172:7)
14 verbose stack     at maybeClose (internal/child_process.js:818:16)
14 verbose stack     at Process.ChildProcess._handle.onexit (internal/child_process.js:211:5)
15 verbose pkgid revamp@0.0.0-semantically-released
16 verbose cwd /Users/dv/ws/distalx/revamp
17 error Darwin 15.3.0
18 error argv "/usr/local/bin/node" "/usr/local/bin/npm" "run" "report-coverage"
19 error node v4.2.3
20 error npm  v3.10.5
21 error code ELIFECYCLE
22 error revamp@0.0.0-semantically-released report-coverage: `cat ./coverage/lcov.info | codecov`
22 error Exit status 1
23 error Failed at the revamp@0.0.0-semantically-released report-coverage script 'cat ./coverage/lcov.info | codecov'.
23 error Make sure you have the latest version of node.js and npm installed.
23 error If you do, this is most likely a problem with the revamp package,
23 error not with npm itself.
23 error Tell the author that this fails on your system:
23 error     cat ./coverage/lcov.info | codecov
23 error You can get information on how to open an issue for this project with:
23 error     npm bugs revamp
23 error Or if that isn't available, you can get their info via:
23 error     npm owner ls revamp
23 error There is likely additional logging output above.
24 verbose exit [ 1, true ]
